\BOOKMARK [1][]{section*.1}{\376\377\000C\000o\000n\000t\000a\000c\000t\000\040\000I\000n\000f\000o}{}% 1
\BOOKMARK [1][]{section*.2}{\376\377\000A\000b\000o\000u\000t\000\040\000M\000e}{}% 2
\BOOKMARK [1][]{section*.3}{\376\377\000E\000d\000u\000c\000a\000t\000i\000o\000n}{}% 3
\BOOKMARK [1][]{section*.4}{\376\377\000A\000w\000a\000r\000d\000s}{}% 4
\BOOKMARK [1][]{section*.5}{\376\377\000T\000e\000c\000h\000n\000i\000c\000a\000l\000\040\000s\000k\000i\000l\000l\000s}{}% 5
\BOOKMARK [1][]{section*.6}{\376\377\000P\000r\000o\000g\000r\000a\000m\000m\000i\000n\000g\000\040\000s\000k\000i\000l\000l\000s}{}% 6
\BOOKMARK [1][]{section*.7}{\376\377\000L\000a\000n\000g\000u\000a\000g\000e\000s}{}% 7
\BOOKMARK [1][]{section*.8}{\376\377\000I\000n\000t\000e\000r\000e\000s\000t\000s}{}% 8
\BOOKMARK [1][]{section*.9}{\376\377\000P\000r\000o\000j\000e\000c\000t\000s}{}% 9
\BOOKMARK [2][]{section*.10}{\376\377\000S\000e\000v\000e\000n\000\040\000S\000e\000g\000m\000e\000n\000t\000\040\000D\000i\000s\000p\000l\000a\000y\000\040\000D\000e\000c\000o\000d\000e\000r\000\040\000f\000o\000r\000\040\000h\000e\000x\000a\000d\000e\000c\000i\000m\000a\000l\000\040\000n\000u\000m\000b\000e\000r\000s\000\040\040\023\000\040\000F\000P\000G\000A}{section*.9}% 10
\BOOKMARK [2][]{section*.11}{\376\377\0004\000b\000i\000t\000\040\000A\000L\000U\000\040\040\023\000\040\000F\000P\000G\000A\000\040}{section*.9}% 11
\BOOKMARK [1][]{section*.12}{\376\377\000P\000r\000o\000j\000e\000c\000t\000s}{}% 12
\BOOKMARK [2][]{section*.13}{\376\377\000A\000n\000d\000r\000o\000i\000d\000\040\000C\000u\000s\000t\000o\000m\000\040\000R\000o\000m\000\040}{section*.12}% 13
\BOOKMARK [2][]{section*.14}{\376\377\000P\000o\000r\000t\000i\000n\000g\000\040\000F\000i\000r\000e\000f\000o\000x\000O\000S\000\040\000\050\000B\0002\000G\000\051\000\040\000t\000o\000\040\000a\000\040\000n\000e\000w\000\040\000h\000a\000r\000d\000w\000a\000r\000e\000\040\000p\000l\000a\000t\000f\000o\000r\000m}{section*.12}% 14
\BOOKMARK [2][]{section*.15}{\376\377\000U\000s\000e\000r\000\040\000l\000e\000v\000e\000l\000\040\000t\000h\000r\000e\000a\000d\000\040\000l\000i\000b\000r\000a\000r\000y\000\040\040\023\000\040\000C}{section*.12}% 15
\BOOKMARK [2][]{section*.16}{\376\377\000V\000i\000r\000t\000u\000a\000l\000\040\000M\000e\000m\000o\000r\000y\000\040\000M\000a\000n\000a\000g\000e\000m\000e\000n\000t\000\040\000S\000y\000s\000t\000e\000m\000\040\040\023\000\040\000O\000S\0001\0006\0001}{section*.12}% 16
\BOOKMARK [2][]{section*.17}{\376\377\000C\000o\000n\000t\000r\000i\000b\000u\000t\000i\000n\000g\000\040\000t\000o\000\040\000F\000i\000r\000e\000f\000o\000x\000\040\000f\000o\000r\000\040\000A\000n\000d\000r\000o\000i\000d\000\040\040\023\000\040\000f\000e\000n\000e\000k}{section*.12}% 17
\BOOKMARK [2][]{section*.18}{\376\377\000C\000a\000r\000\040\000p\000a\000r\000k\000\040\000m\000a\000n\000a\000g\000e\000m\000e\000n\000t\000\040\000s\000y\000s\000t\000e\000m\000\040\040\023\000\040\000J\000a\000v\000a}{section*.12}% 18
\BOOKMARK [1][]{section*.19}{\376\377\000P\000r\000o\000j\000e\000c\000t\000s}{}% 19
\BOOKMARK [2][]{section*.20}{\376\377\000O\000C\000R\000\040\000b\000a\000s\000e\000d\000\040\000c\000h\000e\000m\000i\000c\000a\000l\000\040\000r\000e\000a\000c\000t\000i\000o\000n\000\040\000s\000o\000l\000v\000e\000r\000\040\040\023\000\040\000A\000n\000d\000r\000o\000i\000d}{section*.19}% 20
\BOOKMARK [2][]{section*.21}{\376\377\000H\000T\000M\000L\000\040\000T\000a\000g\000\040\000C\000l\000o\000u\000d\000\040\000G\000e\000n\000e\000r\000a\000t\000o\000r\000\040\040\023\000\040\000C}{section*.19}% 21
\BOOKMARK [2][]{section*.22}{\376\377\000A\000u\000t\000o\000m\000a\000t\000e\000d\000\040\000T\000i\000m\000e\000t\000a\000b\000l\000e\000\040\040\023\000\040\000A\000n\000d\000r\000o\000i\000d}{section*.19}% 22
\BOOKMARK [2][]{section*.23}{\376\377\000O\000n\000l\000i\000n\000e\000\040\000F\000a\000s\000h\000i\000o\000n\000\040\000S\000t\000o\000r\000e\000\040\040\023\000\040\000P\000H\000P\000,\000\040\000M\000y\000S\000Q\000L}{section*.19}% 23
\BOOKMARK [2][]{section*.24}{\376\377\000S\000i\000n\000g\000l\000i\000s\000h\000\040\000f\000o\000r\000\040\000M\000o\000b\000i\000l\000e\000\040\040\023\000\040\000J\000a\000v\000a\000M\000E}{section*.19}% 24
\BOOKMARK [1][]{section*.25}{\376\377\000R\000e\000f\000e\000r\000e\000e\000s}{}% 25
